<?xml version="1.0" encoding="UTF-8"?>
<!-- Generated by org.testng.reporters.JUnitReportReporter -->
<testsuite name="ml.alternet.parser.tests.GrammarTest" tests="17" time="0.022" ignored="7" failures="0" timestamp="28 juil. 2017 10:38:03 GMT" skipped="0" hostname="zed.local" errors="0">
  <testcase name="simpleGrammar_Should_consumeSingleNumberList" time="0.001" classname="ml.alternet.parser.tests.GrammarTest"/>
  <testcase name="simpleGrammar_Should_consumeLtExpression" time="0.001" classname="ml.alternet.parser.tests.GrammarTest"/>
  <testcase name="simpleGrammar_Should_consumeLteExpression" time="0.000" classname="ml.alternet.parser.tests.GrammarTest"/>
  <testcase name="simpleGrammar_Should_consumeSingleExprList" time="0.001" classname="ml.alternet.parser.tests.GrammarTest"/>
  <testcase name="simpleGrammar_Should_consumeSeveralExprList" time="0.002" classname="ml.alternet.parser.tests.GrammarTest"/>
  <testcase name="simpleGrammar_Should_consumeChar" time="0.000" classname="ml.alternet.parser.tests.GrammarTest"/>
  <testcase name="simpleGrammar_Should_consumeString" time="0.000" classname="ml.alternet.parser.tests.GrammarTest"/>
  <testcase name="simpleGrammar_Should_consumeAltExpression" time="0.001" classname="ml.alternet.parser.tests.GrammarTest"/>
  <testcase name="simpleGrammar_Should_consumeSeveralExprSequence" time="0.003" classname="ml.alternet.parser.tests.GrammarTest"/>
  <testcase name="simpleGrammar_Should_consumeSingleExprSequence" time="0.002" classname="ml.alternet.parser.tests.GrammarTest"/>
  <testcase name="simpleGrammar_Should_consumeExpression" time="0.001" classname="ml.alternet.parser.tests.GrammarTest"/>
  <testcase name="simpleGrammar_ShouldNot_consumeString" time="0.001" classname="ml.alternet.parser.tests.GrammarTest"/>
  <testcase name="simpleGrammar_Should_consumeNotOptionalExpression" time="0.001" classname="ml.alternet.parser.tests.GrammarTest"/>
  <testcase name="simpleGrammar_Should_consumeSeveralNumberList" time="0.001" classname="ml.alternet.parser.tests.GrammarTest"/>
  <testcase name="simpleGrammar_Should_consumeNumber" time="0.001" classname="ml.alternet.parser.tests.GrammarTest"/>
  <testcase name="simpleGrammar_ShouldNot_consumeChar" time="0.005" classname="ml.alternet.parser.tests.GrammarTest"/>
  <testcase name="simpleGrammar_Should_consumeNotExpression" time="0.001" classname="ml.alternet.parser.tests.GrammarTest"/>
  <testcase name="calcExpression_CanBe_evaluated" classname="ml.alternet.parser.step3.CalcTest">
    <skipped/>
  </testcase> <!-- calcExpression_CanBe_evaluated -->
  <testcase name="simpleGrammar_Should_consumeExpressionExcept2" classname="ml.alternet.parser.tests.GrammarTest">
    <skipped/>
  </testcase> <!-- simpleGrammar_Should_consumeExpressionExcept2 -->
  <testcase name="simpleGrammar_Should_consumeSimpleExcept1" classname="ml.alternet.parser.tests.GrammarTest">
    <skipped/>
  </testcase> <!-- simpleGrammar_Should_consumeSimpleExcept1 -->
  <testcase name="simpleGrammar_Should_consumeSimpleExcept2" classname="ml.alternet.parser.tests.GrammarTest">
    <skipped/>
  </testcase> <!-- simpleGrammar_Should_consumeSimpleExcept2 -->
  <testcase name="simpleGrammar_Should_consumeExpressionExcept1" classname="ml.alternet.parser.tests.GrammarTest">
    <skipped/>
  </testcase> <!-- simpleGrammar_Should_consumeExpressionExcept1 -->
  <testcase name="simpleGrammar_Should_consumeExpressionExcept3" classname="ml.alternet.parser.tests.GrammarTest">
    <skipped/>
  </testcase> <!-- simpleGrammar_Should_consumeExpressionExcept3 -->
  <testcase name="simpleGrammar_Should_consumeExpressionExcept4" classname="ml.alternet.parser.tests.GrammarTest">
    <skipped/>
  </testcase> <!-- simpleGrammar_Should_consumeExpressionExcept4 -->
</testsuite> <!-- ml.alternet.parser.tests.GrammarTest -->
