<?xml version="1.0" encoding="UTF-8"?>
<!-- Generated by org.testng.reporters.JUnitReportReporter -->
<testsuite name="ml.alternet.grammars.RegexpTest" tests="1" time="0.001" ignored="7" failures="0" timestamp="28 juil. 2017 10:38:03 GMT" skipped="0" hostname="zed.local" errors="0">
  <testcase name="simpleRegexp_Should_consumeCharacters" time="0.001" classname="ml.alternet.grammars.RegexpTest"/>
  <testcase name="calcExpression_CanBe_evaluated" classname="ml.alternet.parser.step3.CalcTest">
    <skipped/>
  </testcase> <!-- calcExpression_CanBe_evaluated -->
  <testcase name="simpleGrammar_Should_consumeExpressionExcept2" classname="ml.alternet.parser.tests.GrammarTest">
    <skipped/>
  </testcase> <!-- simpleGrammar_Should_consumeExpressionExcept2 -->
  <testcase name="simpleGrammar_Should_consumeSimpleExcept1" classname="ml.alternet.parser.tests.GrammarTest">
    <skipped/>
  </testcase> <!-- simpleGrammar_Should_consumeSimpleExcept1 -->
  <testcase name="simpleGrammar_Should_consumeSimpleExcept2" classname="ml.alternet.parser.tests.GrammarTest">
    <skipped/>
  </testcase> <!-- simpleGrammar_Should_consumeSimpleExcept2 -->
  <testcase name="simpleGrammar_Should_consumeExpressionExcept1" classname="ml.alternet.parser.tests.GrammarTest">
    <skipped/>
  </testcase> <!-- simpleGrammar_Should_consumeExpressionExcept1 -->
  <testcase name="simpleGrammar_Should_consumeExpressionExcept3" classname="ml.alternet.parser.tests.GrammarTest">
    <skipped/>
  </testcase> <!-- simpleGrammar_Should_consumeExpressionExcept3 -->
  <testcase name="simpleGrammar_Should_consumeExpressionExcept4" classname="ml.alternet.parser.tests.GrammarTest">
    <skipped/>
  </testcase> <!-- simpleGrammar_Should_consumeExpressionExcept4 -->
</testsuite> <!-- ml.alternet.grammars.RegexpTest -->
