<?xml version="1.0" encoding="UTF-8"?>
<!-- Generated by org.testng.reporters.JUnitReportReporter -->
<testsuite name="ml.alternet.parser.www.WAuthTest" tests="2" time="0.327" ignored="0" failures="0" timestamp="28 juil. 2017 14:07:19 GMT" skipped="0" hostname="zed.local" errors="0">
  <testcase name="wwwChallenge_Should_be_processed" time="0.008" classname="ml.alternet.parser.www.WAuthTest"/>
  <testcase name="wwwChallengeWithSeveralParameters_Should_be_processed" time="0.319" classname="ml.alternet.parser.www.WAuthTest"/>
</testsuite> <!-- ml.alternet.parser.www.WAuthTest -->
